<bibl xmlns="http://www.tei-c.org/ns/1.0" xmlns:tei="http://www.tei-c.org/ns/1.0" xml:id="bib1330-3">
  <author>Barsaum</author>
  <title>Lu'lu</title>
  <citedRange>'2 , 335-36.</citedRange>
</bibl>
<bibl xmlns="http://www.tei-c.org/ns/1.0" xmlns:tei="http://www.tei-c.org/ns/1.0" xml:id="bib1250-3">
  <author>Bedjan</author>
  <title>Jab-Alaha</title>
  <citedRange>416-571</citedRange>
</bibl>
<bibl xmlns="http://www.tei-c.org/ns/1.0" xmlns:tei="http://www.tei-c.org/ns/1.0" xml:id="bib1253-3">
  <author>Bedjan</author>
  <title>Jab-Alaha</title>
  <citedRange>appendix in 347-94.</citedRange>
</bibl>
<bibl xmlns="http://www.tei-c.org/ns/1.0" xmlns:tei="http://www.tei-c.org/ns/1.0" xml:id="bib1518-3">
  <author>Bedjan</author>
  <title>Jab-Alaha</title>
  <citedRange>391-415</citedRange>
</bibl>
<bibl xmlns="http://www.tei-c.org/ns/1.0" xmlns:tei="http://www.tei-c.org/ns/1.0" xml:id="bib1129-8">
  <note>English translation in</note>
  <author>Brock-Harvey</author>
  <title>Holy Women</title>
  <citedRange>82-99.</citedRange>
</bibl>
<bibl xmlns="http://www.tei-c.org/ns/1.0" xmlns:tei="http://www.tei-c.org/ns/1.0" xml:id="bib1240-7">
  <note>English translation in</note>
  <author>Brock-Harvey</author>
  <title>Holy Women</title>
  <citedRange>152-76.</citedRange>
</bibl>
<bibl xmlns="http://www.tei-c.org/ns/1.0" xmlns:tei="http://www.tei-c.org/ns/1.0" xml:id="bib1370-6">
  <author>Brock-Harvey</author>
  <title>Holy Women</title>
  <citedRange>67-73.</citedRange>
</bibl>
<bibl xmlns="http://www.tei-c.org/ns/1.0" xmlns:tei="http://www.tei-c.org/ns/1.0" xml:id="bib1495-11">
  <author>Brock-Harvey</author>
  <title>Holy Women</title>
  <citedRange>73-76.</citedRange>
</bibl>
<bibl xmlns="http://www.tei-c.org/ns/1.0" xmlns:tei="http://www.tei-c.org/ns/1.0" xml:id="bib1497-11">
  <author>Brock-Harvey</author>
  <title>Holy Women</title>
  <citedRange>78-81.</citedRange>
</bibl>
<bibl xmlns="http://www.tei-c.org/ns/1.0" xmlns:tei="http://www.tei-c.org/ns/1.0" xml:id="bib1257-4">
  <author>Burkitt</author>
  <title>Euphemia</title>
  <citedRange>3*-25*, 90-110</citedRange>
</bibl>
<bibl xmlns="http://www.tei-c.org/ns/1.0" xmlns:tei="http://www.tei-c.org/ns/1.0" xml:id="bib1258-5">
  <author>Burkitt</author>
  <title>Euphemia</title>
  <citedRange>26*-43* , 112-28</citedRange>
</bibl>
<bibl xmlns="http://www.tei-c.org/ns/1.0" xmlns:tei="http://www.tei-c.org/ns/1.0" xml:id="bib1250-5">
  <note>Translation in</note>
  <author>Chabot</author>
  <title>Synodicon orientale</title>
  <citedRange>625-34</citedRange>
</bibl>
<bibl xmlns="http://www.tei-c.org/ns/1.0" xmlns:tei="http://www.tei-c.org/ns/1.0" xml:id="bib1162-6">
  <author>Cureton</author>
  <title>Documents</title>
  <citedRange>63-85.</citedRange>
</bibl>
<bibl xmlns="http://www.tei-c.org/ns/1.0" xmlns:tei="http://www.tei-c.org/ns/1.0" xml:id="bib1454-6">
  <author>Cureton</author>
  <title>Documents</title>
  <citedRange>41-62.</citedRange>
</bibl>
<bibl xmlns="http://www.tei-c.org/ns/1.0" xmlns:tei="http://www.tei-c.org/ns/1.0" xml:id="bib1108-5">
  <author>Delehaye</author>
  <title>Actes</title>
  <citedRange>450-52</citedRange>
</bibl>
<bibl xmlns="http://www.tei-c.org/ns/1.0" xmlns:tei="http://www.tei-c.org/ns/1.0" xml:id="bib1155-9">
  <note>Greek Acts</note>
  <author>Delehaye</author>
  <title>Actes</title>
  <citedRange>473-77.</citedRange>
</bibl>
<bibl xmlns="http://www.tei-c.org/ns/1.0" xmlns:tei="http://www.tei-c.org/ns/1.0" xml:id="bib1495-9">
  <author>Delehaye</author>
  <title>Actes</title>
  <citedRange>439-44, 558-59.</citedRange>
</bibl>
<bibl xmlns="http://www.tei-c.org/ns/1.0" xmlns:tei="http://www.tei-c.org/ns/1.0" xml:id="bib1379-6">
  <author>Fiey</author>
  <title>Assyrie chrétienne</title>
  <citedRange>II, 387-89, 395.</citedRange>
</bibl>
<zotero-id>55</zotero-id>
<bibl-id>http://syriaca.org/bibl/1303 http://syriaca.org/bibl/1389</bibl-id>
<bibl xmlns="http://www.tei-c.org/ns/1.0" xmlns:tei="http://www.tei-c.org/ns/1.0" xml:id="bib1122-5">
  <author>Fiey</author>
  <title>Nisibe</title>
  <citedRange>187</citedRange>
</bibl>
<bibl xmlns="http://www.tei-c.org/ns/1.0" xmlns:tei="http://www.tei-c.org/ns/1.0" xml:id="bib1123-7">
  <note>History of his monastery in</note>
  <author>Fiey</author>
  <title>Nisibe</title>
  <citedRange>194-97.</citedRange>
</bibl>
<bibl xmlns="http://www.tei-c.org/ns/1.0" xmlns:tei="http://www.tei-c.org/ns/1.0" xml:id="bib1154-9">
  <author>Fiey</author>
  <title>Nisibe</title>
  <citedRange>171-72.</citedRange>
</bibl>
<bibl xmlns="http://www.tei-c.org/ns/1.0" xmlns:tei="http://www.tei-c.org/ns/1.0" xml:id="bib1168-9">
  <author>Fiey</author>
  <title>Nisibe</title>
  <citedRange>167-70.</citedRange>
</bibl>
<bibl xmlns="http://www.tei-c.org/ns/1.0" xmlns:tei="http://www.tei-c.org/ns/1.0" xml:id="bib1240-5">
  <author>Fiey</author>
  <title>Nisibe</title>
  <citedRange>20-21.</citedRange>
</bibl>
<bibl xmlns="http://www.tei-c.org/ns/1.0" xmlns:tei="http://www.tei-c.org/ns/1.0" xml:id="bib1257-15">
  <note>There existed a monastery under the patronage of Guria near Seert.</note>
  <author>Fiey</author>
  <title>Nisibe</title>
  <citedRange>224-25</citedRange>
</bibl>
<bibl xmlns="http://www.tei-c.org/ns/1.0" xmlns:tei="http://www.tei-c.org/ns/1.0" xml:id="bib1350-6">
  <author>Fiey</author>
  <title>Nisibe</title>
  <citedRange>141-44.</citedRange>
</bibl>
<bibl xmlns="http://www.tei-c.org/ns/1.0" xmlns:tei="http://www.tei-c.org/ns/1.0" xml:id="bib1415-7">
  <author>Fiey</author>
  <title>Nisibe</title>
  <citedRange>172-73.</citedRange>
</bibl>
<bibl xmlns="http://www.tei-c.org/ns/1.0" xmlns:tei="http://www.tei-c.org/ns/1.0" xml:id="bib1436-7">
  <author>Fiey</author>
  <title>Nisibe</title>
  <citedRange>166-67.</citedRange>
</bibl>
<bibl xmlns="http://www.tei-c.org/ns/1.0" xmlns:tei="http://www.tei-c.org/ns/1.0" xml:id="bib1509-5">
  <author>Fiey</author>
  <title>Nisibe</title>
  <citedRange>index s.v.</citedRange>
</bibl>
<bibl xmlns="http://www.tei-c.org/ns/1.0" xmlns:tei="http://www.tei-c.org/ns/1.0" xml:id="bib1097-7">
  <author>Hoffmann</author>
  <title>Auszüge</title>
  <citedRange>34-35.</citedRange>
</bibl>
<bibl xmlns="http://www.tei-c.org/ns/1.0" xmlns:tei="http://www.tei-c.org/ns/1.0" xml:id="bib1098-7">
  <author>Hoffmann</author>
  <title>Auszüge</title>
  <citedRange>34-35.</citedRange>
</bibl>
<bibl xmlns="http://www.tei-c.org/ns/1.0" xmlns:tei="http://www.tei-c.org/ns/1.0" xml:id="bib1099-9">
  <author>Hoffmann</author>
  <title>Auszüge</title>
  <citedRange>34-36</citedRange>
</bibl>
<bibl xmlns="http://www.tei-c.org/ns/1.0" xmlns:tei="http://www.tei-c.org/ns/1.0" xml:id="bib1100-9">
  <author>Hoffmann</author>
  <title>Auszüge</title>
  <citedRange>34-36</citedRange>
</bibl>
<bibl xmlns="http://www.tei-c.org/ns/1.0" xmlns:tei="http://www.tei-c.org/ns/1.0" xml:id="bib1171-5">
  <author>Hoffmann</author>
  <title>Auszüge</title>
  <citedRange>17-19.</citedRange>
</bibl>
<bibl xmlns="http://www.tei-c.org/ns/1.0" xmlns:tei="http://www.tei-c.org/ns/1.0" xml:id="bib1194-6">
  <author>Hoffmann</author>
  <title>Auszüge</title>
  <citedRange>33-34.</citedRange>
</bibl>
<bibl xmlns="http://www.tei-c.org/ns/1.0" xmlns:tei="http://www.tei-c.org/ns/1.0" xml:id="bib1250-6">
  <author>Hoffmann</author>
  <title>Auszüge</title>
  <citedRange>91-115</citedRange>
</bibl>
<bibl xmlns="http://www.tei-c.org/ns/1.0" xmlns:tei="http://www.tei-c.org/ns/1.0" xml:id="bib1253-5">
  <author>Hoffmann</author>
  <title>Auszüge</title>
  <citedRange>78-86.</citedRange>
</bibl>
<bibl xmlns="http://www.tei-c.org/ns/1.0" xmlns:tei="http://www.tei-c.org/ns/1.0" xml:id="bib1271-5">
  <author>Hoffmann</author>
  <title>Auszüge</title>
  <citedRange>19-22.</citedRange>
</bibl>
<bibl xmlns="http://www.tei-c.org/ns/1.0" xmlns:tei="http://www.tei-c.org/ns/1.0" xml:id="bib1348-6">
  <author>Hoffmann</author>
  <title>Auszüge</title>
  <citedRange>9-16.</citedRange>
</bibl>
<bibl xmlns="http://www.tei-c.org/ns/1.0" xmlns:tei="http://www.tei-c.org/ns/1.0" xml:id="bib1349-4">
  <author>Hoffmann</author>
  <title>Auszüge</title>
  <citedRange>28-33.</citedRange>
</bibl>
<bibl xmlns="http://www.tei-c.org/ns/1.0" xmlns:tei="http://www.tei-c.org/ns/1.0" xml:id="bib1393-7">
  <author>Hoffmann</author>
  <title>Auszüge</title>
  <citedRange>36-39.</citedRange>
</bibl>
<bibl xmlns="http://www.tei-c.org/ns/1.0" xmlns:tei="http://www.tei-c.org/ns/1.0" xml:id="bib1518-5">
  <author>Hoffmann</author>
  <title>Auszüge</title>
  <citedRange>87-91.</citedRange>
</bibl>
<bibl xmlns="http://www.tei-c.org/ns/1.0" xmlns:tei="http://www.tei-c.org/ns/1.0" xml:id="bib1329-4">
  <author>Lewis</author>
  <title>Holy Women</title>
  <citedRange>81-84</citedRange>
</bibl>
<bibl xmlns="http://www.tei-c.org/ns/1.0" xmlns:tei="http://www.tei-c.org/ns/1.0" xml:id="bib1489-5">
  <author>Lewis</author>
  <title>Holy Women</title>
  <citedRange>218-44 syr.; 168-84 trad.</citedRange>
</bibl>
<bibl xmlns="http://www.tei-c.org/ns/1.0" xmlns:tei="http://www.tei-c.org/ns/1.0" xml:id="bib1109-4">
  <author>Nau</author>
  <title>Légendes syriaques</title>
  <citedRange>767-74</citedRange>
</bibl>
<bibl xmlns="http://www.tei-c.org/ns/1.0" xmlns:tei="http://www.tei-c.org/ns/1.0" xml:id="bib1260-3">
  <author>Nau</author>
  <title>Notice</title>
  <citedRange>10.</citedRange>
</bibl>
<bibl xmlns="http://www.tei-c.org/ns/1.0" xmlns:tei="http://www.tei-c.org/ns/1.0" xml:id="bib1475-3">
  <author>Nau</author>
  <title>Notice</title>
  <citedRange>8-18</citedRange>
</bibl>
<bibl xmlns="http://www.tei-c.org/ns/1.0" xmlns:tei="http://www.tei-c.org/ns/1.0" xml:id="bib1260-4">
  <author>Palmer</author>
  <title>Monk and Mason</title>
  <citedRange>196 n° 5.</citedRange>
</bibl>
<bibl xmlns="http://www.tei-c.org/ns/1.0" xmlns:tei="http://www.tei-c.org/ns/1.0" xml:id="bib1473-5">
  <author>Palmer</author>
  <title>Monk and Mason</title>
  <citedRange>159-65, references 256</citedRange>
</bibl>
<bibl xmlns="http://www.tei-c.org/ns/1.0" xmlns:tei="http://www.tei-c.org/ns/1.0" xml:id="bib1475-5">
  <author>Palmer</author>
  <title>Monk and Mason</title>
  <citedRange>summary 15 and passim.</citedRange>
</bibl>
<bibl xmlns="http://www.tei-c.org/ns/1.0" xmlns:tei="http://www.tei-c.org/ns/1.0" xml:id="bib1109-3">
  <author>Peeters</author>
  <title>Martyrologe</title>
  <citedRange>180</citedRange>
</bibl>
<bibl xmlns="http://www.tei-c.org/ns/1.0" xmlns:tei="http://www.tei-c.org/ns/1.0" xml:id="bib1122-3">
  <author>Peeters</author>
  <title>Martyrologe</title>
  <citedRange>187</citedRange>
</bibl>
<bibl xmlns="http://www.tei-c.org/ns/1.0" xmlns:tei="http://www.tei-c.org/ns/1.0" xml:id="bib1129-5">
  <author>Peeters</author>
  <title>Martyrologe</title>
  <citedRange>186.</citedRange>
</bibl>
<bibl xmlns="http://www.tei-c.org/ns/1.0" xmlns:tei="http://www.tei-c.org/ns/1.0" xml:id="bib1240-3">
  <author>Peeters</author>
  <title>Martyrologe</title>
  <citedRange>155, 187.</citedRange>
</bibl>
<bibl xmlns="http://www.tei-c.org/ns/1.0" xmlns:tei="http://www.tei-c.org/ns/1.0" xml:id="bib1162-12">
  <author>Segal</author>
  <title>Edessa</title>
  <citedRange>82-87.</citedRange>
</bibl>
<bibl xmlns="http://www.tei-c.org/ns/1.0" xmlns:tei="http://www.tei-c.org/ns/1.0" xml:id="bib1258-11">
  <author>Segal</author>
  <title>Edessa</title>
  <citedRange>85-86.</citedRange>
</bibl>
<bibl xmlns="http://www.tei-c.org/ns/1.0" xmlns:tei="http://www.tei-c.org/ns/1.0" xml:id="bib1420-12">
  <author>W. Eilers</author>
  <title>Festgabe deutscher Iranisten zur 2500 Jahrfeier Irans</title>
  <citedRange>141-55</citedRange>
</bibl>