http://syriaca.org/bibl/1697
http://syriaca.org/bibl/1374
http://syriaca.org/bibl/1393
http://syriaca.org/bibl/1352
http://syriaca.org/bibl/1312
http://syriaca.org/bibl/1373
http://syriaca.org/bibl/1411
http://syriaca.org/bibl/1401
http://syriaca.org/bibl/1386
http://syriaca.org/bibl/1365
http://syriaca.org/bibl/1321
http://syriaca.org/bibl/1347
http://syriaca.org/bibl/1314
http://syriaca.org/bibl/1353
http://syriaca.org/bibl/7
http://syriaca.org/bibl/1419
http://syriaca.org/bibl/1349
http://syriaca.org/bibl/1304
http://syriaca.org/bibl/1702
http://syriaca.org/bibl/1706
http://syriaca.org/bibl/1426
http://syriaca.org/bibl/1602
http://syriaca.org/bibl/1348
http://syriaca.org/bibl/1308
http://syriaca.org/bibl/1306
http://syriaca.org/bibl/1394
http://syriaca.org/bibl/1423
http://syriaca.org/bibl/1420
http://syriaca.org/bibl/1383
http://syriaca.org/bibl/1360
http://syriaca.org/bibl/1378
http://syriaca.org/bibl/1380
http://syriaca.org/bibl/1345
http://syriaca.org/bibl/1387
http://syriaca.org/bibl/1351
http://syriaca.org/bibl/1398
http://syriaca.org/bibl/1331
http://syriaca.org/bibl/1344
http://syriaca.org/bibl/1406
http://syriaca.org/bibl/1417
http://syriaca.org/bibl/1357
http://syriaca.org/bibl/1337
http://syriaca.org/bibl/1325
http://syriaca.org/bibl/1313
http://syriaca.org/bibl/1323
http://syriaca.org/bibl/1335
http://syriaca.org/bibl/1303
http://syriaca.org/bibl/1341
http://syriaca.org/bibl/1311
http://syriaca.org/bibl/1322
http://syriaca.org/bibl/1307
http://syriaca.org/bibl/1382
http://syriaca.org/bibl/1370
http://syriaca.org/bibl/1309
http://syriaca.org/bibl/1342
http://syriaca.org/bibl/1414
http://syriaca.org/bibl/1395
http://syriaca.org/bibl/1376
http://syriaca.org/bibl/1377
http://syriaca.org/bibl/1405
http://syriaca.org/bibl/1334
http://syriaca.org/bibl/1324
http://syriaca.org/bibl/1415
http://syriaca.org/bibl/1371
http://syriaca.org/bibl/1350
http://syriaca.org/bibl/1408
http://syriaca.org/bibl/1379
http://syriaca.org/bibl/1395
http://syriaca.org/bibl/1409
http://syriaca.org/bibl/1364
http://syriaca.org/bibl/1413
http://syriaca.org/bibl/1375
http://syriaca.org/bibl/1358
http://syriaca.org/bibl/1310
http://syriaca.org/bibl/1361
http://syriaca.org/bibl/1339
http://syriaca.org/bibl/1336
http://syriaca.org/bibl/1404
http://syriaca.org/bibl/1316
http://syriaca.org/bibl/1410
http://syriaca.org/bibl/1402
http://syriaca.org/bibl/1328
http://syriaca.org/bibl/1355
http://syriaca.org/bibl/1315
http://syriaca.org/bibl/1416
http://syriaca.org/bibl/1400
http://syriaca.org/bibl/1318
http://syriaca.org/bibl/1392
http://syriaca.org/bibl/1396
http://syriaca.org/bibl/1300
http://syriaca.org/bibl/1422
http://syriaca.org/bibl/1403
http://syriaca.org/bibl/1367
http://syriaca.org/bibl/1346
http://syriaca.org/bibl/1338
http://syriaca.org/bibl/1369
http://syriaca.org/bibl/1329
http://syriaca.org/bibl/1366
http://syriaca.org/bibl/1317
http://syriaca.org/bibl/1363
http://syriaca.org/bibl/1397
http://syriaca.org/bibl/1384
http://syriaca.org/bibl/1320
http://syriaca.org/bibl/1340
http://syriaca.org/bibl/1418
http://syriaca.org/bibl/1399
http://syriaca.org/bibl/1301
http://syriaca.org/bibl/1330
http://syriaca.org/bibl/1368
http://syriaca.org/bibl/1332
http://syriaca.org/bibl/1427
http://syriaca.org/bibl/1428
http://syriaca.org/bibl/1429
http://syriaca.org/bibl/1430